# JRE version: Java(TM) SE Runtime Environment (17.0.17+8) (build 17.0.17+8-LTS-360)
# Java VM: Java HotSpot(TM) 64-Bit Server VM (17.0.17+8-LTS-360, mixed mode, sharing, tiered, compressed oops, compressed class ptrs, g1 gc, windows-amd64)
GC Precious Log:
 CPUs: 8 total, 8 available
 Memory: 7379M
 Large Page Support: Disabled
 NUMA Support: Disabled
 Compressed Oops: Enabled (32-bit)
 Heap Region Size: 1M
 Heap Min Capacity: 8M
 Heap Initial Capacity: 116M
 Heap Max Capacity: 1846M
 Pre-touch: Disabled
 Parallel Workers: 8
 Concurrent Workers: 2
 Concurrent Refinement Workers: 8
 Periodic GC: Disabled
Heap:
 garbage-first heap   total 135168K, used 106297K [0x000000008ca00000, 0x0000000100000000)
  region size 1024K, 62 young (63488K), 3 survivors (3072K)
 Metaspace       used 31701K, committed 32064K, reserved 1114112K
  class space    used 3538K, committed 3712K, reserved 1048576K
GC Heap History (20 events):
Event: 2.066 GC heap before
{Heap before GC invocations=1 (full 0):
 garbage-first heap   total 118784K, used 33792K [0x000000008ca00000, 0x0000000100000000)
  region size 1024K, 32 young (32768K), 3 survivors (3072K)
 Metaspace       used 9272K, committed 9472K, reserved 1114112K
  class space    used 1124K, committed 1216K, reserved 1048576K
}
Event: 2.073 GC heap after
{Heap after GC invocations=2 (full 0):
 garbage-first heap   total 118784K, used 5716K [0x000000008ca00000, 0x0000000100000000)
  region size 1024K, 2 young (2048K), 2 survivors (2048K)
 Metaspace       used 9272K, committed 9472K, reserved 1114112K
  class space    used 1124K, committed 1216K, reserved 1048576K
}
Event: 3.905 GC heap before
{Heap before GC invocations=2 (full 0):
 garbage-first heap   total 118784K, used 74324K [0x000000008ca00000, 0x0000000100000000)
  region size 1024K, 69 young (70656K), 2 survivors (2048K)
 Metaspace       used 15502K, committed 15680K, reserved 1114112K
  class space    used 1854K, committed 1920K, reserved 1048576K
}
Event: 3.924 GC heap after
{Heap after GC invocations=3 (full 0):
 garbage-first heap   total 118784K, used 13202K [0x000000008ca00000, 0x0000000100000000)
  region size 1024K, 9 young (9216K), 9 survivors (9216K)
 Metaspace       used 15502K, committed 15680K, reserved 1114112K
  class space    used 1854K, committed 1920K, reserved 1048576K
}
Event: 5.321 GC heap before
{Heap before GC invocations=3 (full 0):
 garbage-first heap   total 118784K, used 74642K [0x000000008ca00000, 0x0000000100000000)
  region size 1024K, 69 young (70656K), 9 survivors (9216K)
 Metaspace       used 16323K, committed 16512K, reserved 1114112K
  class space    used 1889K, committed 1984K, reserved 1048576K
}
Event: 5.343 GC heap after
{Heap after GC invocations=4 (full 0):
 garbage-first heap   total 118784K, used 15920K [0x000000008ca00000, 0x0000000100000000)
  region size 1024K, 4 young (4096K), 4 survivors (4096K)
 Metaspace       used 16323K, committed 16512K, reserved 1114112K
  class space    used 1889K, committed 1984K, reserved 1048576K
}
Event: 7.121 GC heap before
{Heap before GC invocations=4 (full 0):
 garbage-first heap   total 118784K, used 85552K [0x000000008ca00000, 0x0000000100000000)
  region size 1024K, 37 young (37888K), 4 survivors (4096K)
 Metaspace       used 21273K, committed 21504K, reserved 1114112K
  class space    used 2506K, committed 2624K, reserved 1048576K
}
Event: 7.135 GC heap after
{Heap after GC invocations=5 (full 0):
 garbage-first heap   total 118784K, used 24624K [0x000000008ca00000, 0x0000000100000000)
  region size 1024K, 8 young (8192K), 8 survivors (8192K)
 Metaspace       used 21273K, committed 21504K, reserved 1114112K
  class space    used 2506K, committed 2624K, reserved 1048576K
}
Event: 8.215 GC heap before
{Heap before GC invocations=6 (full 0):
 garbage-first heap   total 89088K, used 70704K [0x000000008ca00000, 0x0000000100000000)
  region size 1024K, 52 young (53248K), 8 survivors (8192K)
 Metaspace       used 26089K, committed 26368K, reserved 1114112K
  class space    used 3032K, committed 3136K, reserved 1048576K
}
Event: 8.241 GC heap after
{Heap after GC invocations=7 (full 0):
 garbage-first heap   total 93184K, used 36626K [0x000000008ca00000, 0x0000000100000000)
  region size 1024K, 7 young (7168K), 7 survivors (7168K)
 Metaspace       used 26089K, committed 26368K, reserved 1114112K
  class space    used 3032K, committed 3136K, reserved 1048576K
}
Event: 8.939 GC heap before
{Heap before GC invocations=7 (full 0):
 garbage-first heap   total 93184K, used 65298K [0x000000008ca00000, 0x0000000100000000)
  region size 1024K, 35 young (35840K), 7 survivors (7168K)
 Metaspace       used 27302K, committed 27584K, reserved 1114112K
  class space    used 3118K, committed 3264K, reserved 1048576K
}
Event: 8.954 GC heap after
{Heap after GC invocations=8 (full 0):
 garbage-first heap   total 112640K, used 41008K [0x000000008ca00000, 0x0000000100000000)
  region size 1024K, 4 young (4096K), 4 survivors (4096K)
 Metaspace       used 27302K, committed 27584K, reserved 1114112K
  class space    used 3118K, committed 3264K, reserved 1048576K
}
Event: 9.993 GC heap before
{Heap before GC invocations=8 (full 0):
 garbage-first heap   total 112640K, used 79920K [0x000000008ca00000, 0x0000000100000000)
  region size 1024K, 42 young (43008K), 4 survivors (4096K)
 Metaspace       used 28876K, committed 29184K, reserved 1114112K
  class space    used 3310K, committed 3456K, reserved 1048576K
}
Event: 10.004 GC heap after
{Heap after GC invocations=9 (full 0):
 garbage-first heap   total 112640K, used 42468K [0x000000008ca00000, 0x0000000100000000)
  region size 1024K, 2 young (2048K), 2 survivors (2048K)
 Metaspace       used 28876K, committed 29184K, reserved 1114112K
  class space    used 3310K, committed 3456K, reserved 1048576K
}
Event: 10.704 GC heap before
{Heap before GC invocations=9 (full 0):
 garbage-first heap   total 112640K, used 83428K [0x000000008ca00000, 0x0000000100000000)
  region size 1024K, 42 young (43008K), 2 survivors (2048K)
 Metaspace       used 29186K, committed 29504K, reserved 1114112K
  class space    used 3317K, committed 3456K, reserved 1048576K
}
Event: 10.718 GC heap after
{Heap after GC invocations=10 (full 0):
 garbage-first heap   total 112640K, used 44249K [0x000000008ca00000, 0x0000000100000000)
  region size 1024K, 4 young (4096K), 4 survivors (4096K)
 Metaspace       used 29186K, committed 29504K, reserved 1114112K
  class space    used 3317K, committed 3456K, reserved 1048576K
}
Event: 11.329 GC heap before
{Heap before GC invocations=10 (full 0):
 garbage-first heap   total 112640K, used 85209K [0x000000008ca00000, 0x0000000100000000)
  region size 1024K, 44 young (45056K), 4 survivors (4096K)
 Metaspace       used 29363K, committed 29632K, reserved 1114112K
  class space    used 3321K, committed 3456K, reserved 1048576K
}
Event: 11.340 GC heap after
{Heap after GC invocations=11 (full 0):
 garbage-first heap   total 112640K, used 44598K [0x000000008ca00000, 0x0000000100000000)
  region size 1024K, 4 young (4096K), 4 survivors (4096K)
 Metaspace       used 29363K, committed 29632K, reserved 1114112K
  class space    used 3321K, committed 3456K, reserved 1048576K
}
Event: 12.366 GC heap before
{Heap before GC invocations=11 (full 0):
 garbage-first heap   total 112640K, used 87606K [0x000000008ca00000, 0x0000000100000000)
  region size 1024K, 46 young (47104K), 4 survivors (4096K)
 Metaspace       used 29445K, committed 29824K, reserved 1114112K
  class space    used 3322K, committed 3456K, reserved 1048576K
}
Event: 12.379 GC heap after
{Heap after GC invocations=12 (full 0):
 garbage-first heap   total 135168K, used 44857K [0x000000008ca00000, 0x0000000100000000)
  region size 1024K, 3 young (3072K), 3 survivors (3072K)
 Metaspace       used 29445K, committed 29824K, reserved 1114112K
  class space    used 3322K, committed 3456K, reserved 1048576K
}

